TN:
SF:src/payloadBuilder.js
FN:5,buildPayload
FNF:1
FNH:1
FNDA:3,buildPayload
DA:6,3
LF:1
LH:1
BRDA:11,0,0,3
BRDA:11,0,1,3
BRDA:11,1,0,1
BRDA:11,1,1,2
BRDA:12,2,0,3
BRDA:12,2,1,0
BRF:6
BRH:5
end_of_record
TN:
SF:src/ruleEngine.js
FN:10,(anonymous_0)
FN:17,(anonymous_1)
FN:33,(anonymous_2)
FN:34,(anonymous_3)
FN:50,(anonymous_4)
FN:56,(anonymous_5)
FN:66,(anonymous_6)
FN:67,(anonymous_7)
FN:72,(anonymous_8)
FNF:9
FNH:9
FNDA:2,(anonymous_0)
FNDA:2,(anonymous_1)
FNDA:8,(anonymous_2)
FNDA:4,(anonymous_3)
FNDA:3,(anonymous_4)
FNDA:2,(anonymous_5)
FNDA:2,(anonymous_6)
FNDA:2,(anonymous_7)
FNDA:2,(anonymous_8)
DA:11,2
DA:12,2
DA:13,2
DA:14,2
DA:18,2
DA:21,2
DA:28,2
DA:31,2
DA:33,2
DA:34,8
DA:35,4
DA:36,4
DA:40,2
DA:41,2
DA:42,2
DA:43,2
DA:46,2
DA:48,2
DA:50,3
DA:51,2
DA:52,1
DA:53,1
DA:56,2
DA:57,1
DA:58,0
DA:59,0
DA:66,2
DA:67,2
DA:72,1
DA:73,2
DA:77,2
LF:31
LH:29
BRDA:35,0,0,2
BRDA:35,0,1,2
BRDA:51,1,0,1
BRDA:51,1,1,1
BRDA:57,2,0,0
BRDA:57,2,1,1
BRF:6
BRH:5
end_of_record
TN:
SF:src/services/powerFail.service.js
FN:7,(anonymous_0)
FN:15,(anonymous_1)
FN:42,(anonymous_2)
FNF:3
FNH:3
FNDA:2,(anonymous_0)
FNDA:2,(anonymous_1)
FNDA:1,(anonymous_2)
DA:8,2
DA:16,2
DA:17,2
DA:18,2
DA:22,2
DA:36,2
DA:38,2
DA:42,2
DA:52,0
DA:53,0
LF:10
LH:8
BRF:0
BRH:0
end_of_record
