TN:
SF:src/syncJob.js
FN:19,runSyncJob
FN:41,(anonymous_1)
FN:69,(anonymous_2)
FN:94,(anonymous_3)
FN:127,(anonymous_4)
FN:131,(anonymous_5)
FN:151,(anonymous_6)
FN:223,(anonymous_7)
FN:292,(anonymous_8)
FN:295,(anonymous_9)
FN:296,(anonymous_10)
FN:355,(anonymous_11)
FN:357,(anonymous_12)
FNF:13
FNH:9
FNDA:9,runSyncJob
FNDA:18,(anonymous_1)
FNDA:9,(anonymous_2)
FNDA:1,(anonymous_3)
FNDA:0,(anonymous_4)
FNDA:0,(anonymous_5)
FNDA:8,(anonymous_6)
FNDA:7,(anonymous_7)
FNDA:1,(anonymous_8)
FNDA:1,(anonymous_9)
FNDA:1,(anonymous_10)
FNDA:0,(anonymous_11)
FNDA:0,(anonymous_12)
DA:20,9
DA:21,9
DA:22,9
DA:25,9
DA:26,9
DA:27,0
DA:29,9
DA:32,9
DA:33,1
DA:36,8
DA:39,9
DA:41,9
DA:42,18
DA:43,18
DA:46,9
DA:47,9
DA:50,9
DA:51,9
DA:53,9
DA:54,0
DA:55,0
DA:56,0
DA:57,0
DA:62,9
DA:65,9
DA:68,9
DA:69,9
DA:71,9
DA:72,9
DA:73,9
DA:75,9
DA:78,9
DA:82,9
DA:83,9
DA:85,9
DA:86,9
DA:90,9
DA:94,9
DA:95,1
DA:106,9
DA:107,9
DA:108,10
DA:109,9
DA:111,10
DA:115,9
DA:116,9
DA:117,1
DA:118,1
DA:119,1
DA:121,1
DA:123,1
DA:124,1
DA:127,1
DA:128,0
DA:129,0
DA:131,1
DA:132,0
DA:133,0
DA:135,1
DA:140,9
DA:149,9
DA:151,9
DA:152,8
DA:154,8
DA:155,8
DA:157,8
DA:158,0
DA:160,8
DA:161,8
DA:163,0
DA:164,0
DA:166,0
DA:171,8
DA:172,1
DA:173,1
DA:177,7
DA:188,5
DA:189,5
DA:190,5
DA:193,5
DA:194,0
DA:198,5
DA:199,1
DA:200,1
DA:203,1
DA:204,1
DA:205,1
DA:206,0
DA:207,0
DA:208,0
DA:210,0
DA:211,1
DA:213,1
DA:215,1
DA:216,0
DA:218,1
DA:219,1
DA:223,4
DA:224,7
DA:227,7
DA:230,7
DA:231,7
DA:232,7
DA:233,2
DA:234,2
DA:235,2
DA:236,2
DA:237,2
DA:239,2
DA:241,5
DA:244,7
DA:245,7
DA:255,7
DA:256,2
DA:258,5
DA:262,4
DA:263,4
DA:266,2
DA:267,2
DA:272,9
DA:273,9
DA:275,9
DA:277,9
DA:279,9
DA:281,1
DA:284,1
DA:285,1
DA:286,1
DA:287,1
DA:290,8
DA:292,1
DA:295,1
DA:296,1
DA:298,1
DA:299,1
DA:300,1
DA:305,7
DA:306,7
DA:308,7
DA:309,7
DA:310,7
DA:311,1
DA:312,1
DA:313,0
DA:314,1
DA:316,1
DA:317,1
DA:318,1
DA:320,1
DA:322,6
DA:325,7
DA:326,6
DA:331,9
DA:332,8
DA:336,9
DA:337,8
DA:338,8
DA:339,8
DA:340,8
DA:344,0
DA:345,0
DA:349,9
DA:351,9
DA:352,9
DA:355,9
DA:356,0
DA:357,0
DA:358,0
DA:363,0
DA:366,9
DA:367,8
DA:368,0
DA:370,1
DA:374,8
LF:174
LH:147
BRDA:26,0,0,0
BRDA:26,0,1,9
BRDA:32,1,0,1
BRDA:32,1,1,8
BRDA:43,2,0,0
BRDA:43,2,1,18
BRDA:53,3,0,0
BRDA:53,3,1,9
BRDA:55,4,0,0
BRDA:55,4,1,0
BRDA:55,5,0,0
BRDA:55,5,1,0
BRDA:56,6,0,0
BRDA:56,6,1,0
BRDA:56,7,0,0
BRDA:56,7,1,0
BRDA:71,8,0,9
BRDA:71,8,1,0
BRDA:108,9,0,9
BRDA:108,9,1,1
BRDA:116,10,0,1
BRDA:116,10,1,8
BRDA:118,11,0,1
BRDA:118,11,1,0
BRDA:128,12,0,0
BRDA:128,12,1,0
BRDA:132,13,0,0
BRDA:132,13,1,0
BRDA:157,14,0,0
BRDA:157,14,1,8
BRDA:163,15,0,0
BRDA:163,15,1,0
BRDA:171,16,0,1
BRDA:171,16,1,7
BRDA:183,17,0,5
BRDA:183,17,1,4
BRDA:184,18,0,5
BRDA:184,18,1,4
BRDA:185,19,0,1
BRDA:185,19,1,4
BRDA:189,20,0,5
BRDA:189,20,1,0
BRDA:190,21,0,5
BRDA:190,21,1,5
BRDA:193,22,0,0
BRDA:193,22,1,5
BRDA:193,23,0,5
BRDA:193,23,1,5
BRDA:198,24,0,1
BRDA:198,24,1,4
BRDA:198,25,0,5
BRDA:198,25,1,4
BRDA:204,26,0,1
BRDA:204,26,1,0
BRDA:206,27,0,0
BRDA:206,27,1,0
BRDA:215,28,0,0
BRDA:215,28,1,1
BRDA:231,29,0,7
BRDA:231,29,1,0
BRDA:233,30,0,2
BRDA:233,30,1,0
BRDA:236,31,0,2
BRDA:236,31,1,0
BRDA:248,32,0,7
BRDA:248,32,1,7
BRDA:255,33,0,2
BRDA:255,33,1,5
BRDA:279,34,0,1
BRDA:279,34,1,8
BRDA:285,35,0,1
BRDA:285,35,1,0
BRDA:290,36,0,1
BRDA:290,36,1,7
BRDA:298,37,0,1
BRDA:298,37,1,0
BRDA:310,38,0,1
BRDA:310,38,1,6
BRDA:312,39,0,0
BRDA:312,39,1,1
BRDA:313,40,0,0
BRDA:313,40,1,0
BRDA:314,41,0,1
BRDA:314,41,1,0
BRDA:314,42,0,1
BRDA:314,42,1,0
BRDA:316,43,0,1
BRDA:316,43,1,0
BRDA:316,44,0,1
BRDA:316,44,1,1
BRDA:317,45,0,1
BRDA:317,45,1,0
BRDA:317,46,0,1
BRDA:317,46,1,1
BRDA:325,47,0,6
BRDA:325,47,1,1
BRDA:331,48,0,8
BRDA:331,48,1,1
BRDA:338,49,0,5
BRDA:338,49,1,3
BRDA:339,50,0,2
BRDA:339,50,1,6
BRDA:340,51,0,1
BRDA:340,51,1,7
BRDA:356,52,0,0
BRDA:356,52,1,0
BRDA:366,53,0,8
BRDA:366,53,1,1
BRF:108
BRH:68
end_of_record
TN:
SF:src/logic/cmsIntegration.js
FN:9,generateComplaintId
FN:23,(anonymous_1)
FN:70,resolveComplaintType
FNF:3
FNH:2
FNDA:2,generateComplaintId
FNDA:0,(anonymous_1)
FNDA:8,resolveComplaintType
DA:11,2
DA:23,2
DA:24,0
DA:25,0
DA:28,2
DA:29,2
DA:30,2
DA:34,2
DA:48,2
DA:50,2
DA:51,0
DA:52,0
DA:53,0
DA:54,0
DA:59,2
DA:60,2
DA:71,8
DA:72,8
DA:73,8
DA:75,8
DA:76,8
DA:79,8
DA:80,8
DA:84,2
DA:85,2
DA:86,2
DA:87,2
DA:90,0
DA:97,0
DA:98,0
DA:99,0
DA:100,0
DA:101,0
DA:108,0
DA:109,0
DA:112,0
DA:113,0
DA:114,0
DA:115,0
DA:116,0
DA:117,0
DA:118,0
DA:125,2
DA:127,2
LF:44
LH:23
BRDA:28,0,0,2
BRDA:28,0,1,2
BRDA:29,1,0,2
BRDA:29,1,1,2
BRDA:30,2,0,2
BRDA:30,2,1,2
BRDA:50,3,0,0
BRDA:50,3,1,2
BRDA:50,4,0,2
BRDA:50,4,1,0
BRDA:53,5,0,0
BRDA:53,5,1,0
BRDA:75,6,0,8
BRDA:75,6,1,0
BRDA:76,7,0,0
BRDA:76,7,1,8
BRDA:80,8,0,0
BRDA:80,8,1,8
BRDA:84,9,0,2
BRDA:84,9,1,0
BRDA:87,10,0,2
BRDA:87,10,1,0
BRDA:97,11,0,0
BRDA:97,11,1,0
BRDA:99,12,0,0
BRDA:99,12,1,0
BRDA:108,13,0,0
BRDA:108,13,1,0
BRDA:114,14,0,0
BRDA:114,14,1,0
BRDA:115,15,0,0
BRDA:115,15,1,0
BRDA:115,16,0,0
BRDA:115,16,1,0
BRDA:125,17,0,0
BRDA:125,17,1,2
BRF:36
BRH:14
end_of_record
TN:
SF:src/logic/dataProcessor.js
FN:2,processRawData
FNF:1
FNH:1
FNDA:12,processRawData
DA:3,12
DA:5,12
DA:6,12
DA:7,12
DA:9,12
DA:10,768
DA:11,768
DA:12,15
DA:24,12
LF:9
LH:9
BRDA:2,0,0,0
BRDA:2,1,0,0
BRDA:2,2,0,0
BRDA:11,3,0,15
BRDA:11,3,1,753
BRDA:11,4,0,768
BRDA:11,4,1,16
BRF:7
BRH:4
end_of_record
TN:
SF:src/logic/dedupEngine.js
FN:5,isDuplicate
FNF:1
FNH:1
FNDA:5,isDuplicate
DA:6,5
DA:7,5
DA:9,5
DA:11,5
DA:24,5
DA:26,1
DA:31,4
DA:33,4
DA:35,1
DA:38,3
DA:39,3
DA:41,3
DA:43,2
DA:44,2
DA:47,2
DA:56,2
DA:60,1
DA:63,0
DA:66,0
LF:19
LH:17
BRDA:24,0,0,1
BRDA:24,0,1,4
BRDA:33,1,0,1
BRDA:33,1,1,3
BRDA:41,2,0,2
BRDA:41,2,1,1
BRF:6
BRH:6
end_of_record
TN:
SF:src/logic/mapper.js
FN:4,formatString
FN:5,(anonymous_1)
FN:8,mapPriority
FN:18,mapToComplaint
FNF:4
FNH:4
FNDA:18,formatString
FNDA:13,(anonymous_1)
FNDA:9,mapPriority
FNDA:9,mapToComplaint
DA:5,18
DA:9,9
DA:10,5
DA:11,5
DA:12,1
DA:13,1
DA:14,1
DA:15,1
DA:19,9
DA:20,9
DA:21,9
DA:24,9
DA:37,9
DA:38,9
DA:39,9
DA:41,9
LF:16
LH:16
BRDA:5,0,0,13
BRDA:5,0,1,0
BRDA:9,1,0,4
BRDA:9,1,1,5
BRDA:11,2,0,4
BRDA:11,2,1,1
BRDA:12,3,0,0
BRDA:12,3,1,1
BRDA:13,4,0,0
BRDA:13,4,1,1
BRDA:13,5,0,1
BRDA:13,5,1,1
BRDA:13,5,2,1
BRDA:14,6,0,0
BRDA:14,6,1,1
BRDA:14,7,0,1
BRDA:14,7,1,1
BRDA:14,7,2,1
BRDA:18,8,0,3
BRDA:21,9,0,9
BRDA:21,9,1,3
BRDA:25,10,0,9
BRDA:25,10,1,0
BRDA:27,11,0,9
BRDA:27,11,1,4
BRDA:32,12,0,9
BRDA:32,12,1,8
BRDA:33,13,0,9
BRDA:33,13,1,8
BRDA:34,14,0,9
BRDA:34,14,1,8
BRDA:46,15,0,9
BRDA:46,15,1,5
BRDA:50,16,0,9
BRDA:50,16,1,9
BRDA:52,17,0,9
BRDA:52,17,1,9
BRDA:53,18,0,0
BRDA:53,18,1,9
BRDA:54,19,0,0
BRDA:54,19,1,9
BRDA:56,20,0,9
BRDA:56,20,1,9
BRDA:56,20,2,6
BRDA:57,21,0,9
BRDA:57,21,1,6
BRDA:58,22,0,9
BRDA:58,22,1,6
BRDA:61,23,0,9
BRDA:61,23,1,4
BRDA:62,24,0,9
BRDA:62,24,1,4
BRDA:63,25,0,9
BRDA:63,25,1,8
BRDA:64,26,0,9
BRDA:64,26,1,6
BRDA:65,27,0,9
BRDA:65,27,1,6
BRF:58
BRH:51
end_of_record
TN:
SF:src/logic/masterRuleEngine.js
FN:9,parseDuration
FN:33,checkFaultDuration
FN:59,evaluateMasterRules
FN:74,(anonymous_3)
FNF:4
FNH:3
FNDA:0,parseDuration
FNDA:2,checkFaultDuration
FNDA:2,evaluateMasterRules
FNDA:2,(anonymous_3)
DA:10,0
DA:13,0
DA:17,0
DA:19,0
DA:20,0
DA:22,0
DA:23,0
DA:24,0
DA:26,0
DA:35,2
DA:36,2
DA:39,0
DA:40,0
DA:43,0
DA:44,0
DA:46,0
DA:47,0
DA:60,2
DA:61,2
DA:63,2
DA:64,0
DA:68,2
DA:70,2
DA:71,2
DA:74,2
DA:76,2
DA:80,0
DA:82,0
DA:83,0
DA:84,0
DA:85,0
DA:90,2
DA:91,2
DA:93,2
DA:96,2
DA:98,2
DA:100,2
DA:101,2
DA:102,2
DA:104,2
DA:106,2
DA:107,2
DA:108,2
DA:111,0
DA:116,0
DA:120,0
LF:46
LH:22
BRDA:10,0,0,0
BRDA:10,0,1,0
BRDA:13,1,0,0
BRDA:13,1,1,0
BRDA:13,2,0,0
BRDA:13,2,1,0
BRDA:17,3,0,0
BRDA:17,3,1,0
BRDA:17,4,0,0
BRDA:17,4,1,0
BRDA:20,5,0,0
BRDA:20,5,1,0
BRDA:22,6,0,0
BRDA:22,6,1,0
BRDA:23,7,0,0
BRDA:23,7,1,0
BRDA:24,8,0,0
BRDA:24,8,1,0
BRDA:35,9,0,2
BRDA:35,9,1,0
BRDA:35,10,0,2
BRDA:35,10,1,2
BRDA:35,10,2,2
BRDA:40,11,0,0
BRDA:40,11,1,0
BRDA:63,12,0,0
BRDA:63,12,1,2
BRDA:63,13,0,2
BRDA:63,13,1,2
BRDA:71,14,0,0
BRDA:71,14,1,2
BRDA:76,15,0,0
BRDA:76,15,1,2
BRDA:80,16,0,0
BRDA:80,16,1,0
BRDA:82,17,0,0
BRDA:82,17,1,0
BRDA:83,18,0,0
BRDA:83,18,1,0
BRDA:84,19,0,0
BRDA:84,19,1,0
BRDA:93,20,0,2
BRDA:93,20,1,2
BRDA:96,21,0,2
BRDA:96,21,1,0
BRDA:100,22,0,2
BRDA:100,22,1,0
BRDA:101,23,0,0
BRDA:101,23,1,2
BRDA:104,24,0,2
BRDA:104,24,1,0
BRDA:106,25,0,2
BRDA:106,25,1,0
BRF:53
BRH:16
end_of_record
TN:
SF:src/logic/percentageRuleEngine.js
FN:13,evaluatePercentageRule
FN:31,(anonymous_1)
FN:45,(anonymous_2)
FN:79,(anonymous_3)
FN:136,checkCondition
FNF:5
FNH:5
FNDA:7,evaluatePercentageRule
FNDA:11,(anonymous_1)
FNDA:2,(anonymous_2)
FNDA:80,(anonymous_3)
FNDA:80,checkCondition
DA:14,7
DA:15,7
DA:16,7
DA:19,7
DA:21,7
DA:22,7
DA:23,7
DA:24,0
DA:25,0
DA:28,7
DA:31,11
DA:33,7
DA:35,7
DA:36,3
DA:37,3
DA:38,3
DA:41,3
DA:42,3
DA:44,3
DA:45,3
DA:46,2
DA:49,3
DA:50,2
DA:55,0
DA:56,0
DA:57,0
DA:61,3
DA:63,1
DA:64,1
DA:67,2
DA:68,2
DA:69,1
DA:70,1
DA:75,5
DA:76,5
DA:79,5
DA:80,80
DA:81,80
DA:84,5
DA:87,0
DA:91,5
DA:92,5
DA:93,78
DA:94,23
DA:98,5
DA:99,5
DA:100,5
DA:102,5
DA:104,5
DA:106,4
DA:107,0
DA:108,0
DA:109,0
DA:110,0
DA:114,4
DA:117,4
DA:126,1
DA:130,3
DA:137,80
DA:138,80
DA:140,80
DA:141,0
DA:142,0
DA:143,0
DA:146,80
DA:147,3
DA:148,0
DA:149,0
DA:150,0
DA:151,77
DA:152,0
DA:153,0
LF:72
LH:54
BRDA:13,0,0,0
BRDA:13,1,0,4
BRDA:13,2,0,4
BRDA:19,3,0,7
BRDA:19,3,1,4
BRDA:22,4,0,7
BRDA:22,4,1,0
BRDA:23,5,0,7
BRDA:23,5,1,0
BRDA:23,6,0,7
BRDA:23,6,1,0
BRDA:24,7,0,0
BRDA:24,7,1,0
BRDA:25,8,0,0
BRDA:25,8,1,0
BRDA:25,9,0,0
BRDA:25,9,1,0
BRDA:28,10,0,0
BRDA:28,10,1,7
BRDA:31,11,0,11
BRDA:31,11,1,11
BRDA:35,12,0,3
BRDA:35,12,1,4
BRDA:38,13,0,3
BRDA:38,13,1,0
BRDA:41,14,0,3
BRDA:41,14,1,0
BRDA:42,15,0,0
BRDA:42,15,1,3
BRDA:44,16,0,3
BRDA:44,16,1,0
BRDA:44,17,0,3
BRDA:44,17,1,3
BRDA:46,18,0,2
BRDA:46,18,1,2
BRDA:49,19,0,2
BRDA:49,19,1,1
BRDA:56,20,0,0
BRDA:56,20,1,0
BRDA:61,21,0,1
BRDA:61,21,1,2
BRDA:68,22,0,1
BRDA:68,22,1,1
BRDA:75,23,0,5
BRDA:75,23,1,0
BRDA:81,24,0,80
BRDA:81,24,1,79
BRDA:84,25,0,0
BRDA:84,25,1,5
BRDA:93,26,0,23
BRDA:93,26,1,55
BRDA:100,27,0,5
BRDA:100,27,1,0
BRDA:104,28,0,4
BRDA:104,28,1,1
BRDA:106,29,0,0
BRDA:106,29,1,4
BRDA:106,30,0,4
BRDA:106,30,1,0
BRDA:108,31,0,0
BRDA:108,31,1,0
BRDA:140,32,0,0
BRDA:140,32,1,80
BRDA:140,33,0,80
BRDA:140,33,1,80
BRDA:141,34,0,0
BRDA:141,34,1,0
BRDA:142,35,0,0
BRDA:142,35,1,0
BRDA:146,36,0,3
BRDA:146,36,1,0
BRDA:146,36,2,0
BRDA:146,36,3,0
BRDA:146,36,4,77
BRDA:146,36,5,0
BRDA:146,36,6,0
BRF:76
BRH:42
end_of_record
TN:
SF:src/logic/ruleEngine.js
FN:7,evaluateRule
FN:46,(anonymous_1)
FN:102,(anonymous_2)
FN:170,checkCondition
FNF:4
FNH:4
FNDA:8,evaluateRule
FNDA:36,(anonymous_1)
FNDA:2,(anonymous_2)
FNDA:11,checkCondition
DA:8,8
DA:11,8
DA:13,8
DA:16,8
DA:21,8
DA:22,8
DA:24,8
DA:25,6
DA:26,6
DA:29,8
DA:30,5
DA:31,5
DA:36,8
DA:37,3
DA:41,8
DA:42,0
DA:46,8
DA:47,36
DA:51,36
DA:54,8
DA:55,0
DA:56,0
DA:57,0
DA:58,0
DA:59,0
DA:64,8
DA:68,8
DA:70,8
DA:71,5
DA:72,5
DA:73,5
DA:79,5
DA:83,5
DA:85,5
DA:86,3
DA:87,3
DA:88,3
DA:89,3
DA:90,2
DA:93,3
DA:94,0
DA:98,5
DA:99,2
DA:101,2
DA:102,2
DA:103,2
DA:106,2
DA:107,2
DA:114,0
DA:115,0
DA:117,0
DA:121,0
DA:122,0
DA:123,0
DA:126,0
DA:127,0
DA:133,5
DA:135,0
DA:138,5
DA:139,5
DA:140,2
DA:144,6
DA:148,6
DA:150,6
DA:151,2
DA:152,2
DA:155,2
DA:158,2
DA:159,1
DA:163,5
DA:167,3
DA:175,11
DA:176,11
DA:178,11
DA:180,0
DA:181,0
DA:182,0
DA:185,11
DA:186,4
DA:187,1
DA:188,0
DA:189,0
DA:190,6
DA:191,0
DA:192,0
LF:85
LH:62
BRDA:7,0,0,6
BRDA:7,1,0,6
BRDA:16,2,0,8
BRDA:16,2,1,8
BRDA:21,3,0,8
BRDA:21,3,1,5
BRDA:21,3,2,2
BRDA:22,4,0,8
BRDA:22,4,1,6
BRDA:24,5,0,6
BRDA:24,5,1,2
BRDA:25,6,0,6
BRDA:25,6,1,0
BRDA:26,7,0,6
BRDA:26,7,1,0
BRDA:29,8,0,5
BRDA:29,8,1,3
BRDA:30,9,0,5
BRDA:30,9,1,0
BRDA:31,10,0,5
BRDA:31,10,1,0
BRDA:36,11,0,3
BRDA:36,11,1,5
BRDA:37,12,0,3
BRDA:37,12,1,0
BRDA:41,13,0,0
BRDA:41,13,1,8
BRDA:41,14,0,8
BRDA:41,14,1,8
BRDA:47,15,0,0
BRDA:47,15,1,36
BRDA:51,16,0,28
BRDA:51,16,1,8
BRDA:54,17,0,0
BRDA:54,17,1,8
BRDA:55,18,0,0
BRDA:55,18,1,0
BRDA:56,19,0,0
BRDA:56,19,1,0
BRDA:57,20,0,0
BRDA:57,20,1,0
BRDA:58,21,0,0
BRDA:58,21,1,0
BRDA:70,22,0,5
BRDA:70,22,1,3
BRDA:73,23,0,5
BRDA:73,23,1,3
BRDA:79,24,0,5
BRDA:79,24,1,0
BRDA:83,25,0,5
BRDA:83,25,1,2
BRDA:85,26,0,3
BRDA:85,26,1,2
BRDA:87,27,0,3
BRDA:87,27,1,0
BRDA:89,28,0,2
BRDA:89,28,1,1
BRDA:89,29,0,3
BRDA:89,29,1,2
BRDA:89,29,2,2
BRDA:93,30,0,0
BRDA:93,30,1,3
BRDA:93,31,0,3
BRDA:93,31,1,3
BRDA:93,31,2,0
BRDA:98,32,0,2
BRDA:98,32,1,3
BRDA:99,33,0,2
BRDA:99,33,1,0
BRDA:101,34,0,2
BRDA:101,34,1,0
BRDA:103,35,0,2
BRDA:103,35,1,2
BRDA:106,36,0,2
BRDA:106,36,1,0
BRDA:115,37,0,0
BRDA:115,37,1,0
BRDA:121,38,0,0
BRDA:121,38,1,0
BRDA:121,39,0,0
BRDA:121,39,1,0
BRDA:122,40,0,0
BRDA:122,40,1,0
BRDA:126,41,0,0
BRDA:126,41,1,0
BRDA:133,42,0,0
BRDA:133,42,1,5
BRDA:139,43,0,2
BRDA:139,43,1,3
BRDA:148,44,0,6
BRDA:148,44,1,0
BRDA:150,45,0,2
BRDA:150,45,1,4
BRDA:150,46,0,6
BRDA:150,46,1,2
BRDA:151,47,0,2
BRDA:151,47,1,0
BRDA:152,48,0,2
BRDA:152,48,1,0
BRDA:158,49,0,1
BRDA:158,49,1,1
BRDA:178,50,0,0
BRDA:178,50,1,11
BRDA:178,51,0,11
BRDA:178,51,1,11
BRDA:180,52,0,0
BRDA:180,52,1,0
BRDA:181,53,0,0
BRDA:181,53,1,0
BRDA:185,54,0,4
BRDA:185,54,1,1
BRDA:185,54,2,0
BRDA:185,54,3,0
BRDA:185,54,4,6
BRDA:185,54,5,0
BRDA:185,54,6,0
BRF:116
BRH:70
end_of_record
TN:
SF:src/logic/stateStore.js
FN:8,(anonymous_0)
FN:16,(anonymous_1)
FN:28,(anonymous_2)
FN:44,(anonymous_3)
FN:60,(anonymous_4)
FN:69,(anonymous_5)
FNF:6
FNH:2
FNDA:2,(anonymous_0)
FNDA:2,(anonymous_1)
FNDA:0,(anonymous_2)
FNDA:0,(anonymous_3)
FNDA:0,(anonymous_4)
FNDA:0,(anonymous_5)
DA:5,2
DA:9,2
DA:12,2
DA:13,2
DA:17,2
DA:18,2
DA:19,2
DA:20,2
DA:21,2
DA:24,0
DA:29,0
DA:30,0
DA:31,0
DA:32,0
DA:34,0
DA:36,0
DA:45,0
DA:47,0
DA:49,0
DA:50,0
DA:51,0
DA:52,0
DA:54,0
DA:61,0
DA:62,0
DA:63,0
DA:64,0
DA:65,0
DA:70,0
DA:71,0
DA:72,0
DA:76,2
LF:32
LH:10
BRDA:18,0,0,2
BRDA:18,0,1,0
BRDA:31,1,0,0
BRDA:31,1,1,0
BRDA:49,2,0,0
BRDA:49,2,1,0
BRDA:62,3,0,0
BRDA:62,3,1,0
BRDA:72,4,0,0
BRDA:72,4,1,0
BRF:10
BRH:1
end_of_record
